<?xml version="1.0" encoding="UTF-8"?>
<testng-results skipped="0" failed="0" ignored="0" total="1" passed="1">
  <reporter-output>
  </reporter-output>
  <suite name="Default suite" duration-ms="27240" started-at="2018-05-11T15:37:30Z" finished-at="2018-05-11T15:37:57Z">
    <groups>
    </groups>
    <test name="Default test" duration-ms="27240" started-at="2018-05-11T15:37:30Z" finished-at="2018-05-11T15:37:57Z">
      <class name="com.selenium.com.TakeScreenShot">
        <test-method status="PASS" signature="f()[pri:0, instance:com.selenium.com.TakeScreenShot@25af5db5]" name="f" duration-ms="27193" started-at="2018-05-11T15:37:30Z" finished-at="2018-05-11T15:37:57Z">
          <reporter-output>
          </reporter-output>
        </test-method> <!-- f -->
      </class> <!-- com.selenium.com.TakeScreenShot -->
    </test> <!-- Default test -->
  </suite> <!-- Default suite -->
</testng-results>
