<?xml version="1.0" encoding="UTF-8"?>
<testng-results skipped="0" failed="0" ignored="0" total="1" passed="1">
  <reporter-output>
  </reporter-output>
  <suite name="Default suite" duration-ms="28535" started-at="2018-05-13T09:20:17Z" finished-at="2018-05-13T09:20:45Z">
    <groups>
    </groups>
    <test name="Default test" duration-ms="28535" started-at="2018-05-13T09:20:17Z" finished-at="2018-05-13T09:20:45Z">
      <class name="wait.FluentWaitDemo">
        <test-method status="PASS" signature="f()[pri:0, instance:wait.FluentWaitDemo@6043cd28]" name="f" duration-ms="28438" started-at="2018-05-13T09:20:17Z" finished-at="2018-05-13T09:20:45Z">
          <reporter-output>
          </reporter-output>
        </test-method> <!-- f -->
      </class> <!-- wait.FluentWaitDemo -->
    </test> <!-- Default test -->
  </suite> <!-- Default suite -->
</testng-results>
